[2025-03-11 09:19:25.543] [jointLog] [info] setting maxHashResizeThreads to 8
[2025-03-11 09:19:25.543] [jointLog] [info] Fragment incompatibility prior below threshold.  Incompatible fragments will be ignored.
[2025-03-11 09:19:25.543] [jointLog] [info] Usage of --validateMappings implies use of minScoreFraction. Since not explicitly specified, it is being set to 0.65
[2025-03-11 09:19:25.543] [jointLog] [info] Setting consensusSlack to selective-alignment default of 0.35.
[2025-03-11 09:19:25.543] [jointLog] [info] parsing read library format
[2025-03-11 09:19:25.543] [jointLog] [info] There is 1 library.
[2025-03-11 09:19:25.544] [jointLog] [info] Loading pufferfish index
[2025-03-11 09:19:25.545] [jointLog] [info] Loading dense pufferfish index.
[2025-03-11 09:19:25.763] [jointLog] [info] done
[2025-03-11 09:19:25.781] [jointLog] [info] Index contained 60,077 targets
[2025-03-11 09:19:25.787] [jointLog] [info] Number of decoys : 0
[2025-03-11 09:19:27.055] [jointLog] [info] Automatically detected most likely library type as IU

[2025-03-11 09:24:34.301] [fileLog] [info] 
At end of round 0
==================
Observed 16494784 total fragments (16494784 in most recent round)

[2025-03-11 09:24:34.301] [jointLog] [info] Computed 117,912 rich equivalence classes for further processing
[2025-03-11 09:24:34.301] [jointLog] [info] Counted 10,164,472 total reads in the equivalence classes 
[2025-03-11 09:24:34.305] [jointLog] [info] Number of mappings discarded because of alignment score : 15,702,868
[2025-03-11 09:24:34.305] [jointLog] [info] Number of fragments entirely discarded because of alignment score : 1,265,902
[2025-03-11 09:24:34.305] [jointLog] [info] Number of fragments discarded because they are best-mapped to decoys : 0
[2025-03-11 09:24:34.305] [jointLog] [info] Number of fragments discarded because they have only dovetail (discordant) mappings to valid targets : 1,536,838
[2025-03-11 09:24:34.305] [jointLog] [info] Mapping rate = 61.6223%

[2025-03-11 09:24:34.305] [jointLog] [info] finished quantifyLibrary()
[2025-03-11 09:24:34.328] [jointLog] [info] Starting optimizer
[2025-03-11 09:24:34.375] [jointLog] [info] Marked 0 weighted equivalence classes as degenerate
[2025-03-11 09:24:34.391] [jointLog] [info] iteration = 0 | max rel diff. = 13241.8
[2025-03-11 09:24:35.769] [jointLog] [info] iteration = 100 | max rel diff. = 17.2866
[2025-03-11 09:24:37.147] [jointLog] [info] iteration = 200 | max rel diff. = 2.72014
[2025-03-11 09:24:38.522] [jointLog] [info] iteration = 300 | max rel diff. = 3.23744
[2025-03-11 09:24:39.896] [jointLog] [info] iteration = 400 | max rel diff. = 0.771594
[2025-03-11 09:24:41.267] [jointLog] [info] iteration = 500 | max rel diff. = 0.22538
[2025-03-11 09:24:42.633] [jointLog] [info] iteration = 600 | max rel diff. = 0.116199
[2025-03-11 09:24:44.002] [jointLog] [info] iteration = 700 | max rel diff. = 0.397338
[2025-03-11 09:24:45.371] [jointLog] [info] iteration = 800 | max rel diff. = 0.369665
[2025-03-11 09:24:46.735] [jointLog] [info] iteration = 900 | max rel diff. = 0.0596282
[2025-03-11 09:24:48.108] [jointLog] [info] iteration = 1,000 | max rel diff. = 0.160454
[2025-03-11 09:24:49.470] [jointLog] [info] iteration = 1,100 | max rel diff. = 0.210375
[2025-03-11 09:24:50.833] [jointLog] [info] iteration = 1,200 | max rel diff. = 0.0219999
[2025-03-11 09:24:52.199] [jointLog] [info] iteration = 1,300 | max rel diff. = 0.0806883
[2025-03-11 09:24:52.512] [jointLog] [info] iteration = 1,324 | max rel diff. = 0.00537272
[2025-03-11 09:24:52.513] [jointLog] [info] Finished optimizer
[2025-03-11 09:24:52.513] [jointLog] [info] writing output 

[2025-03-11 09:24:52.584] [jointLog] [warning] NOTE: Read Lib [[ /scratch/alpine/rvbrady@colostate.edu/sra/sra/fastq/ERR3932819_1.fastq, /scratch/alpine/rvbrady@colostate.edu/sra/sra/fastq/ERR3932819_2.fastq]] :

Detected a *potential* strand bias > 1% in an unstranded protocol check the file: ERR3932819_quant/lib_format_counts.json for details

