[2025-03-11 09:13:22.614] [jointLog] [info] setting maxHashResizeThreads to 8
[2025-03-11 09:13:22.614] [jointLog] [info] Fragment incompatibility prior below threshold.  Incompatible fragments will be ignored.
[2025-03-11 09:13:22.614] [jointLog] [info] Usage of --validateMappings implies use of minScoreFraction. Since not explicitly specified, it is being set to 0.65
[2025-03-11 09:13:22.614] [jointLog] [info] Setting consensusSlack to selective-alignment default of 0.35.
[2025-03-11 09:13:22.614] [jointLog] [info] parsing read library format
[2025-03-11 09:13:22.614] [jointLog] [info] There is 1 library.
[2025-03-11 09:13:22.615] [jointLog] [info] Loading pufferfish index
[2025-03-11 09:13:22.616] [jointLog] [info] Loading dense pufferfish index.
[2025-03-11 09:13:22.838] [jointLog] [info] done
[2025-03-11 09:13:22.871] [jointLog] [info] Index contained 60,077 targets
[2025-03-11 09:13:22.880] [jointLog] [info] Number of decoys : 0
[2025-03-11 09:13:23.972] [jointLog] [info] Automatically detected most likely library type as IU

[2025-03-11 09:19:05.541] [jointLog] [info] Computed 128,439 rich equivalence classes for further processing
[2025-03-11 09:19:05.541] [jointLog] [info] Counted 8,325,681 total reads in the equivalence classes 
[2025-03-11 09:19:05.545] [jointLog] [info] Number of mappings discarded because of alignment score : 23,556,396
[2025-03-11 09:19:05.545] [jointLog] [info] Number of fragments entirely discarded because of alignment score : 1,214,754
[2025-03-11 09:19:05.545] [jointLog] [info] Number of fragments discarded because they are best-mapped to decoys : 0
[2025-03-11 09:19:05.545] [jointLog] [info] Number of fragments discarded because they have only dovetail (discordant) mappings to valid targets : 1,555,347
[2025-03-11 09:19:05.545] [jointLog] [info] Mapping rate = 53.741%

[2025-03-11 09:19:05.545] [jointLog] [info] finished quantifyLibrary()
[2025-03-11 09:19:05.556] [jointLog] [info] Starting optimizer
[2025-03-11 09:19:05.594] [jointLog] [info] Marked 0 weighted equivalence classes as degenerate
[2025-03-11 09:19:05.612] [jointLog] [info] iteration = 0 | max rel diff. = 11445.8
[2025-03-11 09:19:05.541] [fileLog] [info] 
At end of round 0
==================
Observed 15492247 total fragments (15492247 in most recent round)

[2025-03-11 09:19:07.147] [jointLog] [info] iteration = 100 | max rel diff. = 19.6474
[2025-03-11 09:19:08.672] [jointLog] [info] iteration = 200 | max rel diff. = 0.86944
[2025-03-11 09:19:10.194] [jointLog] [info] iteration = 300 | max rel diff. = 9.00002
[2025-03-11 09:19:11.716] [jointLog] [info] iteration = 400 | max rel diff. = 0.215158
[2025-03-11 09:19:13.240] [jointLog] [info] iteration = 500 | max rel diff. = 0.887793
[2025-03-11 09:19:14.750] [jointLog] [info] iteration = 600 | max rel diff. = 0.330609
[2025-03-11 09:19:16.265] [jointLog] [info] iteration = 700 | max rel diff. = 0.323573
[2025-03-11 09:19:17.775] [jointLog] [info] iteration = 800 | max rel diff. = 0.673167
[2025-03-11 09:19:19.290] [jointLog] [info] iteration = 900 | max rel diff. = 0.0302423
[2025-03-11 09:19:20.809] [jointLog] [info] iteration = 1,000 | max rel diff. = 0.0405257
[2025-03-11 09:19:22.326] [jointLog] [info] iteration = 1,100 | max rel diff. = 0.0334448
[2025-03-11 09:19:23.839] [jointLog] [info] iteration = 1,200 | max rel diff. = 0.0428684
[2025-03-11 09:19:24.556] [jointLog] [info] iteration = 1,248 | max rel diff. = 0.00750382
[2025-03-11 09:19:24.560] [jointLog] [info] Finished optimizer
[2025-03-11 09:19:24.560] [jointLog] [info] writing output 

[2025-03-11 09:19:24.631] [jointLog] [warning] NOTE: Read Lib [[ /scratch/alpine/rvbrady@colostate.edu/sra/sra/fastq/ERR3932818_1.fastq, /scratch/alpine/rvbrady@colostate.edu/sra/sra/fastq/ERR3932818_2.fastq]] :

Detected a *potential* strand bias > 1% in an unstranded protocol check the file: ERR3932818_quant/lib_format_counts.json for details

