[2025-03-11 09:41:24.438] [jointLog] [info] setting maxHashResizeThreads to 8
[2025-03-11 09:41:24.438] [jointLog] [info] Fragment incompatibility prior below threshold.  Incompatible fragments will be ignored.
[2025-03-11 09:41:24.438] [jointLog] [info] Usage of --validateMappings implies use of minScoreFraction. Since not explicitly specified, it is being set to 0.65
[2025-03-11 09:41:24.438] [jointLog] [info] Setting consensusSlack to selective-alignment default of 0.35.
[2025-03-11 09:41:24.438] [jointLog] [info] parsing read library format
[2025-03-11 09:41:24.438] [jointLog] [info] There is 1 library.
[2025-03-11 09:41:24.439] [jointLog] [info] Loading pufferfish index
[2025-03-11 09:41:24.440] [jointLog] [info] Loading dense pufferfish index.
[2025-03-11 09:41:24.643] [jointLog] [info] done
[2025-03-11 09:41:24.660] [jointLog] [info] Index contained 60,077 targets
[2025-03-11 09:41:24.666] [jointLog] [info] Number of decoys : 0
[2025-03-11 09:41:26.632] [jointLog] [info] Automatically detected most likely library type as IU

[2025-03-11 09:47:18.103] [fileLog] [info] 
At end of round 0
==================
Observed 15938326 total fragments (15938326 in most recent round)

[2025-03-11 09:47:18.103] [jointLog] [info] Computed 135,767 rich equivalence classes for further processing
[2025-03-11 09:47:18.103] [jointLog] [info] Counted 9,117,160 total reads in the equivalence classes 
[2025-03-11 09:47:18.107] [jointLog] [info] Number of mappings discarded because of alignment score : 22,637,266
[2025-03-11 09:47:18.107] [jointLog] [info] Number of fragments entirely discarded because of alignment score : 1,338,668
[2025-03-11 09:47:18.107] [jointLog] [info] Number of fragments discarded because they are best-mapped to decoys : 0
[2025-03-11 09:47:18.107] [jointLog] [info] Number of fragments discarded because they have only dovetail (discordant) mappings to valid targets : 1,634,616
[2025-03-11 09:47:18.107] [jointLog] [info] Mapping rate = 57.2027%

[2025-03-11 09:47:18.107] [jointLog] [info] finished quantifyLibrary()
[2025-03-11 09:47:18.162] [jointLog] [info] Starting optimizer
[2025-03-11 09:47:18.200] [jointLog] [info] Marked 0 weighted equivalence classes as degenerate
[2025-03-11 09:47:18.219] [jointLog] [info] iteration = 0 | max rel diff. = 12133.5
[2025-03-11 09:47:19.985] [jointLog] [info] iteration = 100 | max rel diff. = 16.5116
[2025-03-11 09:47:21.747] [jointLog] [info] iteration = 200 | max rel diff. = 13.8268
[2025-03-11 09:47:23.489] [jointLog] [info] iteration = 300 | max rel diff. = 1.23125
[2025-03-11 09:47:25.226] [jointLog] [info] iteration = 400 | max rel diff. = 2.80165
[2025-03-11 09:47:26.977] [jointLog] [info] iteration = 500 | max rel diff. = 1.29444
[2025-03-11 09:47:28.727] [jointLog] [info] iteration = 600 | max rel diff. = 0.12197
[2025-03-11 09:47:30.468] [jointLog] [info] iteration = 700 | max rel diff. = 0.118011
[2025-03-11 09:47:32.220] [jointLog] [info] iteration = 800 | max rel diff. = 0.059894
[2025-03-11 09:47:33.973] [jointLog] [info] iteration = 900 | max rel diff. = 0.0693449
[2025-03-11 09:47:35.722] [jointLog] [info] iteration = 1,000 | max rel diff. = 0.0131071
[2025-03-11 09:47:37.461] [jointLog] [info] iteration = 1,100 | max rel diff. = 0.0155159
[2025-03-11 09:47:39.211] [jointLog] [info] iteration = 1,200 | max rel diff. = 0.0725194
[2025-03-11 09:47:40.970] [jointLog] [info] iteration = 1,300 | max rel diff. = 0.0228583
[2025-03-11 09:47:41.672] [jointLog] [info] iteration = 1,341 | max rel diff. = 0.0017655
[2025-03-11 09:47:41.673] [jointLog] [info] Finished optimizer
[2025-03-11 09:47:41.673] [jointLog] [info] writing output 

[2025-03-11 09:47:41.744] [jointLog] [warning] NOTE: Read Lib [[ /scratch/alpine/rvbrady@colostate.edu/sra/sra/fastq/ERR3932817_1.fastq, /scratch/alpine/rvbrady@colostate.edu/sra/sra/fastq/ERR3932817_2.fastq]] :

Detected a *potential* strand bias > 1% in an unstranded protocol check the file: ERR3932817_quant/lib_format_counts.json for details

