[2025-03-11 09:28:10.925] [jointLog] [info] setting maxHashResizeThreads to 8
[2025-03-11 09:28:10.925] [jointLog] [info] Fragment incompatibility prior below threshold.  Incompatible fragments will be ignored.
[2025-03-11 09:28:10.925] [jointLog] [info] Usage of --validateMappings implies use of minScoreFraction. Since not explicitly specified, it is being set to 0.65
[2025-03-11 09:28:10.925] [jointLog] [info] Setting consensusSlack to selective-alignment default of 0.35.
[2025-03-11 09:28:10.925] [jointLog] [info] parsing read library format
[2025-03-11 09:28:10.925] [jointLog] [info] There is 1 library.
[2025-03-11 09:28:10.926] [jointLog] [info] Loading pufferfish index
[2025-03-11 09:28:10.927] [jointLog] [info] Loading dense pufferfish index.
[2025-03-11 09:28:11.143] [jointLog] [info] done
[2025-03-11 09:28:11.161] [jointLog] [info] Index contained 60,077 targets
[2025-03-11 09:28:11.167] [jointLog] [info] Number of decoys : 0
[2025-03-11 09:28:12.656] [jointLog] [info] Automatically detected most likely library type as IU

[2025-03-11 09:30:48.448] [jointLog] [info] Computed 97,496 rich equivalence classes for further processing
[2025-03-11 09:30:48.448] [jointLog] [info] Counted 7,879,621 total reads in the equivalence classes 
[2025-03-11 09:30:48.452] [jointLog] [info] Number of mappings discarded because of alignment score : 5,629,310
[2025-03-11 09:30:48.452] [jointLog] [info] Number of fragments entirely discarded because of alignment score : 651,542
[2025-03-11 09:30:48.452] [jointLog] [info] Number of fragments discarded because they are best-mapped to decoys : 0
[2025-03-11 09:30:48.452] [jointLog] [info] Number of fragments discarded because they have only dovetail (discordant) mappings to valid targets : 144,329
[2025-03-11 09:30:48.452] [jointLog] [info] Mapping rate = 65.4713%

[2025-03-11 09:30:48.452] [jointLog] [info] finished quantifyLibrary()
[2025-03-11 09:30:48.458] [jointLog] [info] Starting optimizer
[2025-03-11 09:30:48.489] [jointLog] [info] Marked 0 weighted equivalence classes as degenerate
[2025-03-11 09:30:48.502] [jointLog] [info] iteration = 0 | max rel diff. = 10932.8
[2025-03-11 09:30:48.449] [fileLog] [info] 
At end of round 0
==================
Observed 12035225 total fragments (12035225 in most recent round)

[2025-03-11 09:30:49.698] [jointLog] [info] iteration = 100 | max rel diff. = 14.512
[2025-03-11 09:30:50.885] [jointLog] [info] iteration = 200 | max rel diff. = 9.73586
[2025-03-11 09:30:52.073] [jointLog] [info] iteration = 300 | max rel diff. = 11.6924
[2025-03-11 09:30:53.255] [jointLog] [info] iteration = 400 | max rel diff. = 1.02472
[2025-03-11 09:30:54.432] [jointLog] [info] iteration = 500 | max rel diff. = 0.0721348
[2025-03-11 09:30:55.608] [jointLog] [info] iteration = 600 | max rel diff. = 0.264703
[2025-03-11 09:30:56.784] [jointLog] [info] iteration = 700 | max rel diff. = 0.919607
[2025-03-11 09:30:57.957] [jointLog] [info] iteration = 800 | max rel diff. = 0.0227731
[2025-03-11 09:30:59.133] [jointLog] [info] iteration = 900 | max rel diff. = 0.673676
[2025-03-11 09:31:00.307] [jointLog] [info] iteration = 1,000 | max rel diff. = 4.05356
[2025-03-11 09:31:01.478] [jointLog] [info] iteration = 1,100 | max rel diff. = 0.288276
[2025-03-11 09:31:02.652] [jointLog] [info] iteration = 1,200 | max rel diff. = 0.0227881
[2025-03-11 09:31:03.824] [jointLog] [info] iteration = 1,300 | max rel diff. = 0.0279943
[2025-03-11 09:31:04.996] [jointLog] [info] iteration = 1,400 | max rel diff. = 0.156028
[2025-03-11 09:31:06.173] [jointLog] [info] iteration = 1,500 | max rel diff. = 0.381418
[2025-03-11 09:31:06.936] [jointLog] [info] iteration = 1,566 | max rel diff. = 0.00482924
[2025-03-11 09:31:06.937] [jointLog] [info] Finished optimizer
[2025-03-11 09:31:06.937] [jointLog] [info] writing output 

[2025-03-11 09:31:07.007] [jointLog] [warning] NOTE: Read Lib [[ /scratch/alpine/rvbrady@colostate.edu/sra/sra/fastq/ERR3932821_1.fastq, /scratch/alpine/rvbrady@colostate.edu/sra/sra/fastq/ERR3932821_2.fastq]] :

Detected a *potential* strand bias > 1% in an unstranded protocol check the file: ERR3932821_quant/lib_format_counts.json for details

