[2025-03-11 09:32:46.953] [jointLog] [info] setting maxHashResizeThreads to 8
[2025-03-11 09:32:46.953] [jointLog] [info] Fragment incompatibility prior below threshold.  Incompatible fragments will be ignored.
[2025-03-11 09:32:46.953] [jointLog] [info] Usage of --validateMappings implies use of minScoreFraction. Since not explicitly specified, it is being set to 0.65
[2025-03-11 09:32:46.953] [jointLog] [info] Setting consensusSlack to selective-alignment default of 0.35.
[2025-03-11 09:32:46.953] [jointLog] [info] parsing read library format
[2025-03-11 09:32:46.953] [jointLog] [info] There is 1 library.
[2025-03-11 09:32:46.955] [jointLog] [info] Loading pufferfish index
[2025-03-11 09:32:46.955] [jointLog] [info] Loading dense pufferfish index.
[2025-03-11 09:32:47.173] [jointLog] [info] done
[2025-03-11 09:32:47.189] [jointLog] [info] Index contained 60,077 targets
[2025-03-11 09:32:47.196] [jointLog] [info] Number of decoys : 0
[2025-03-11 09:32:48.662] [jointLog] [info] Automatically detected most likely library type as IU

[2025-03-11 09:36:09.853] [jointLog] [info] Computed 165,824 rich equivalence classes for further processing
[2025-03-11 09:36:09.853] [jointLog] [info] Counted 12,163,511 total reads in the equivalence classes 
[2025-03-11 09:36:09.857] [jointLog] [info] Number of mappings discarded because of alignment score : 5,760,032
[2025-03-11 09:36:09.857] [jointLog] [info] Number of fragments entirely discarded because of alignment score : 914,575
[2025-03-11 09:36:09.857] [jointLog] [info] Number of fragments discarded because they are best-mapped to decoys : 0
[2025-03-11 09:36:09.857] [jointLog] [info] Number of fragments discarded because they have only dovetail (discordant) mappings to valid targets : 82,743
[2025-03-11 09:36:09.857] [jointLog] [info] Mapping rate = 62.5956%

[2025-03-11 09:36:09.857] [jointLog] [info] finished quantifyLibrary()
[2025-03-11 09:36:09.870] [jointLog] [info] Starting optimizer
[2025-03-11 09:36:09.920] [jointLog] [info] Marked 0 weighted equivalence classes as degenerate
[2025-03-11 09:36:09.945] [jointLog] [info] iteration = 0 | max rel diff. = 14699
[2025-03-11 09:36:09.853] [fileLog] [info] 
At end of round 0
==================
Observed 19431908 total fragments (19431908 in most recent round)

[2025-03-11 09:36:12.369] [jointLog] [info] iteration = 100 | max rel diff. = 18.0609
[2025-03-11 09:36:14.779] [jointLog] [info] iteration = 200 | max rel diff. = 7.65958
[2025-03-11 09:36:17.178] [jointLog] [info] iteration = 300 | max rel diff. = 7.94355
[2025-03-11 09:36:19.566] [jointLog] [info] iteration = 400 | max rel diff. = 0.19444
[2025-03-11 09:36:21.979] [jointLog] [info] iteration = 500 | max rel diff. = 2.9881
[2025-03-11 09:36:24.369] [jointLog] [info] iteration = 600 | max rel diff. = 0.635394
[2025-03-11 09:36:26.769] [jointLog] [info] iteration = 700 | max rel diff. = 0.98767
[2025-03-11 09:36:29.156] [jointLog] [info] iteration = 800 | max rel diff. = 0.0419113
[2025-03-11 09:36:31.553] [jointLog] [info] iteration = 900 | max rel diff. = 0.115765
[2025-03-11 09:36:33.943] [jointLog] [info] iteration = 1,000 | max rel diff. = 1.7604
[2025-03-11 09:36:36.334] [jointLog] [info] iteration = 1,100 | max rel diff. = 0.0484621
[2025-03-11 09:36:37.707] [jointLog] [info] iteration = 1,158 | max rel diff. = 0.00732304
[2025-03-11 09:36:37.708] [jointLog] [info] Finished optimizer
[2025-03-11 09:36:37.708] [jointLog] [info] writing output 

