[2025-03-11 06:29:44.545] [jointLog] [info] setting maxHashResizeThreads to 8
[2025-03-11 06:29:44.545] [jointLog] [info] Fragment incompatibility prior below threshold.  Incompatible fragments will be ignored.
[2025-03-11 06:29:44.545] [jointLog] [info] Usage of --validateMappings implies use of minScoreFraction. Since not explicitly specified, it is being set to 0.65
[2025-03-11 06:29:44.545] [jointLog] [info] Setting consensusSlack to selective-alignment default of 0.35.
[2025-03-11 06:29:44.545] [jointLog] [info] parsing read library format
[2025-03-11 06:29:44.545] [jointLog] [info] There is 1 library.
[2025-03-11 06:29:44.547] [jointLog] [info] Loading pufferfish index
[2025-03-11 06:29:44.547] [jointLog] [info] Loading dense pufferfish index.
[2025-03-11 06:29:44.754] [jointLog] [info] done
[2025-03-11 06:29:44.768] [jointLog] [info] Index contained 60,077 targets
[2025-03-11 06:29:44.775] [jointLog] [info] Number of decoys : 0
[2025-03-11 06:29:45.935] [jointLog] [info] Automatically detected most likely library type as ISR

[2025-03-11 06:31:51.753] [jointLog] [info] Thread saw mini-batch with a maximum of 1.64% zero probability fragments
[2025-03-11 06:31:51.766] [jointLog] [info] Thread saw mini-batch with a maximum of 1.48% zero probability fragments
[2025-03-11 06:31:51.889] [jointLog] [info] Thread saw mini-batch with a maximum of 1.52% zero probability fragments
[2025-03-11 06:31:51.932] [jointLog] [info] Thread saw mini-batch with a maximum of 1.56% zero probability fragments
[2025-03-11 06:31:51.993] [jointLog] [info] Thread saw mini-batch with a maximum of 1.40% zero probability fragments
[2025-03-11 06:31:51.995] [jointLog] [info] Thread saw mini-batch with a maximum of 1.56% zero probability fragments
[2025-03-11 06:31:52.009] [jointLog] [info] Thread saw mini-batch with a maximum of 1.72% zero probability fragments
[2025-03-11 06:31:52.034] [jointLog] [info] Thread saw mini-batch with a maximum of 1.52% zero probability fragments
[2025-03-11 06:31:52.140] [jointLog] [info] Computed 115,570 rich equivalence classes for further processing
[2025-03-11 06:31:52.140] [jointLog] [info] Counted 6,130,776 total reads in the equivalence classes 
[2025-03-11 06:31:52.148] [jointLog] [info] Number of mappings discarded because of alignment score : 2,273,432
[2025-03-11 06:31:52.148] [jointLog] [info] Number of fragments entirely discarded because of alignment score : 385,144
[2025-03-11 06:31:52.148] [jointLog] [info] Number of fragments discarded because they are best-mapped to decoys : 0
[2025-03-11 06:31:52.148] [jointLog] [info] Number of fragments discarded because they have only dovetail (discordant) mappings to valid targets : 27,532
[2025-03-11 06:31:52.148] [jointLog] [info] Mapping rate = 75.6593%

[2025-03-11 06:31:52.148] [jointLog] [info] finished quantifyLibrary()
[2025-03-11 06:31:52.152] [jointLog] [info] Starting optimizer
[2025-03-11 06:31:52.185] [jointLog] [info] Marked 0 weighted equivalence classes as degenerate
[2025-03-11 06:31:52.198] [jointLog] [info] iteration = 0 | max rel diff. = 8774.48
[2025-03-11 06:31:52.140] [fileLog] [info] 
At end of round 0
==================
Observed 8103138 total fragments (8103138 in most recent round)

[2025-03-11 06:31:53.233] [jointLog] [info] iteration = 100 | max rel diff. = 20.2973
[2025-03-11 06:31:54.249] [jointLog] [info] iteration = 200 | max rel diff. = 5.67147
[2025-03-11 06:31:55.280] [jointLog] [info] iteration = 300 | max rel diff. = 6.63402
[2025-03-11 06:31:56.301] [jointLog] [info] iteration = 400 | max rel diff. = 6.87482
[2025-03-11 06:31:57.327] [jointLog] [info] iteration = 500 | max rel diff. = 0.0829591
[2025-03-11 06:31:58.354] [jointLog] [info] iteration = 600 | max rel diff. = 4.97127
[2025-03-11 06:31:59.375] [jointLog] [info] iteration = 700 | max rel diff. = 0.0317636
[2025-03-11 06:32:00.397] [jointLog] [info] iteration = 800 | max rel diff. = 0.0935279
[2025-03-11 06:32:01.408] [jointLog] [info] iteration = 900 | max rel diff. = 0.0307147
[2025-03-11 06:32:02.422] [jointLog] [info] iteration = 1,000 | max rel diff. = 0.245701
[2025-03-11 06:32:03.445] [jointLog] [info] iteration = 1,100 | max rel diff. = 0.0189729
[2025-03-11 06:32:04.323] [jointLog] [info] iteration = 1,186 | max rel diff. = 0.00270038
[2025-03-11 06:32:04.325] [jointLog] [info] Finished optimizer
[2025-03-11 06:32:04.325] [jointLog] [info] writing output 

