[2025-03-11 06:22:51.276] [jointLog] [info] setting maxHashResizeThreads to 8
[2025-03-11 06:22:51.276] [jointLog] [info] Fragment incompatibility prior below threshold.  Incompatible fragments will be ignored.
[2025-03-11 06:22:51.276] [jointLog] [info] Usage of --validateMappings implies use of minScoreFraction. Since not explicitly specified, it is being set to 0.65
[2025-03-11 06:22:51.276] [jointLog] [info] Setting consensusSlack to selective-alignment default of 0.35.
[2025-03-11 06:22:51.276] [jointLog] [info] parsing read library format
[2025-03-11 06:22:51.276] [jointLog] [info] There is 1 library.
[2025-03-11 06:22:51.277] [jointLog] [info] Loading pufferfish index
[2025-03-11 06:22:51.278] [jointLog] [info] Loading dense pufferfish index.
[2025-03-11 06:22:51.482] [jointLog] [info] done
[2025-03-11 06:22:51.499] [jointLog] [info] Index contained 60,077 targets
[2025-03-11 06:22:51.525] [jointLog] [info] Number of decoys : 0
[2025-03-11 06:22:52.843] [jointLog] [info] Automatically detected most likely library type as ISR

[2025-03-11 06:24:49.375] [jointLog] [info] Thread saw mini-batch with a maximum of 2.08% zero probability fragments
[2025-03-11 06:24:49.582] [jointLog] [info] Thread saw mini-batch with a maximum of 2.00% zero probability fragments
[2025-03-11 06:24:49.586] [jointLog] [info] Thread saw mini-batch with a maximum of 2.32% zero probability fragments
[2025-03-11 06:24:49.760] [jointLog] [info] Thread saw mini-batch with a maximum of 2.08% zero probability fragments
[2025-03-11 06:24:49.791] [jointLog] [info] Thread saw mini-batch with a maximum of 2.24% zero probability fragments
[2025-03-11 06:24:49.793] [jointLog] [info] Thread saw mini-batch with a maximum of 2.12% zero probability fragments
[2025-03-11 06:24:49.810] [jointLog] [info] Thread saw mini-batch with a maximum of 2.06% zero probability fragments
[2025-03-11 06:24:49.835] [jointLog] [info] Thread saw mini-batch with a maximum of 2.28% zero probability fragments
[2025-03-11 06:24:49.936] [jointLog] [info] Computed 97,550 rich equivalence classes for further processing
[2025-03-11 06:24:49.936] [jointLog] [info] Counted 4,210,383 total reads in the equivalence classes 
[2025-03-11 06:24:49.947] [jointLog] [info] Number of mappings discarded because of alignment score : 2,934,127
[2025-03-11 06:24:49.947] [jointLog] [info] Number of fragments entirely discarded because of alignment score : 379,047
[2025-03-11 06:24:49.947] [jointLog] [info] Number of fragments discarded because they are best-mapped to decoys : 0
[2025-03-11 06:24:49.947] [jointLog] [info] Number of fragments discarded because they have only dovetail (discordant) mappings to valid targets : 27,630
[2025-03-11 06:24:49.948] [jointLog] [warning] Only 4210383 fragments were mapped, but the number of burn-in fragments was set to 5000000.
The effective lengths have been computed using the observed mappings.

[2025-03-11 06:24:49.948] [jointLog] [info] Mapping rate = 69.9806%

[2025-03-11 06:24:49.948] [jointLog] [info] finished quantifyLibrary()
[2025-03-11 06:24:49.952] [jointLog] [info] Starting optimizer
[2025-03-11 06:24:49.986] [jointLog] [info] Marked 0 weighted equivalence classes as degenerate
[2025-03-11 06:24:49.998] [jointLog] [info] iteration = 0 | max rel diff. = 6246.65
[2025-03-11 06:24:49.937] [fileLog] [info] 
At end of round 0
==================
Observed 6016499 total fragments (6016499 in most recent round)

[2025-03-11 06:24:51.021] [jointLog] [info] iteration = 100 | max rel diff. = 17.6086
[2025-03-11 06:24:52.003] [jointLog] [info] iteration = 200 | max rel diff. = 4.52316
[2025-03-11 06:24:53.007] [jointLog] [info] iteration = 300 | max rel diff. = 0.716829
[2025-03-11 06:24:53.992] [jointLog] [info] iteration = 400 | max rel diff. = 0.277186
[2025-03-11 06:24:54.977] [jointLog] [info] iteration = 500 | max rel diff. = 1.51589
[2025-03-11 06:24:55.961] [jointLog] [info] iteration = 600 | max rel diff. = 4.69393
[2025-03-11 06:24:56.949] [jointLog] [info] iteration = 700 | max rel diff. = 0.185378
[2025-03-11 06:24:57.932] [jointLog] [info] iteration = 800 | max rel diff. = 0.205132
[2025-03-11 06:24:58.917] [jointLog] [info] iteration = 900 | max rel diff. = 0.338473
[2025-03-11 06:24:59.904] [jointLog] [info] iteration = 1,000 | max rel diff. = 0.0670937
[2025-03-11 06:25:00.893] [jointLog] [info] iteration = 1,100 | max rel diff. = 0.0353926
[2025-03-11 06:25:01.206] [jointLog] [info] iteration = 1,133 | max rel diff. = 0.00844999
[2025-03-11 06:25:01.207] [jointLog] [info] Finished optimizer
[2025-03-11 06:25:01.207] [jointLog] [info] writing output 

